<!DOCTYPE html PUBLIC "-//W3C//DTD XHTML 1.1//EN" "http://www.w3.org/TR/xhtml11/DTD/xhtml11.dtd">
<html xmlns="http://www.w3.org/1999/xhtml"><head><title>TestNG Report</title><style type="text/css">table {margin-bottom:10px;border-collapse:collapse;empty-cells:show}th,td {border:1px solid #009;padding:.25em .5em}th {vertical-align:bottom}td {vertical-align:top}table a {font-weight:bold}.stripe td {background-color: #E6EBF9}.num {text-align:right}.passedodd td {background-color: #3F3}.passedeven td {background-color: #0A0}.skippedodd td {background-color: #DDD}.skippedeven td {background-color: #CCC}.failedodd td,.attn {background-color: #F33}.failedeven td,.stripe .attn {background-color: #D00}.stacktrace {white-space:pre;font-family:monospace}.totop {font-size:85%;text-align:center;border-bottom:2px solid #000}</style></head><body><table><tr><th>Test</th><th># Passed</th><th># Skipped</th><th># Failed</th><th>Time (ms)</th><th>Included Groups</th><th>Excluded Groups</th></tr><tr><th colspan="7">Live Test Cases Suite</th></tr><tr><td><a href="#t0">Live Tests</a></td><td class="num">0</td><td class="num">0</td><td class="num attn">1</td><td class="num">55,151</td><td></td><td></td></tr></table><table><thead><tr><th>Class</th><th>Method</th><th>Start</th><th>Time (ms)</th></tr></thead><tbody><tr><th colspan="4">Live Test Cases Suite</th></tr></tbody><tbody id="t0"><tr><th colspan="4">Live Tests &#8212; failed (configuration methods)</th></tr><tr class="failedeven"><td rowspan="1">com.SchoolOfDragons.SchoolOfDragons_Live_CreateAge13AuthorisedUser.TestCase8</td><td><a href="#m0">afterTest</a></td><td rowspan="1">1462796237638</td><td rowspan="1">0</td></tr><tr><th colspan="4">Live Tests &#8212; failed</th></tr><tr class="failedeven"><td rowspan="1">com.SchoolOfDragons.SchoolOfDragons_Live_CreateAge13AuthorisedUser.TestCase8</td><td><a href="#m1">createNewUserAge13</a></td><td rowspan="1">1462796184650</td><td rowspan="1">52988</td></tr><tr><th colspan="4">Live Tests &#8212; skipped (configuration methods)</th></tr><tr class="skippedeven"><td rowspan="1">com.SchoolOfDragons.SchoolOfDragons_Live_CreateAge13AuthorisedUser.TestCase8</td><td><a href="#m2">tearDown</a></td><td rowspan="1">1462796239676</td><td rowspan="1">0</td></tr></tbody></table><h2>Live Tests</h2><h3 id="m0">com.SchoolOfDragons.SchoolOfDragons_Live_CreateAge13AuthorisedUser.TestCase8#afterTest</h3><table class="result"><tr class="param"><th>Parameter #1</th></tr><tr class="param stripe"><td>[TestResult name=createNewUserAge13 status=FAILURE method=TestCase8.createNewUserAge13()[pri:0, instance:com.SchoolOfDragons.SchoolOfDragons_Live_CreateAge13AuthorisedUser.TestCase8@4cc0edeb] output={null}]</td></tr><tr><th>Exception</th></tr><tr><td><div class="stacktrace">org.openqa.selenium.WebDriverException: chrome not reachable
  (Session info: chrome=50.0.2661.94)
  (Driver info: chromedriver=2.21.371459 (36d3d07f660ff2bc1bf28a75d1cdabed0983e7c4),platform=Windows NT 6.3 x86_64) (WARNING: The server did not provide any stacktrace information)
Command duration or timeout: 2.04 seconds
Build info: version: &apos;2.53.0&apos;, revision: &apos;35ae25b1534ae328c771e0856c93e187490ca824&apos;, time: &apos;2016-03-15 10:43:46&apos;
System info: host: &apos;KAI-DT136&apos;, ip: &apos;172.20.11.105&apos;, os.name: &apos;Windows 8.1&apos;, os.arch: &apos;amd64&apos;, os.version: &apos;6.3&apos;, java.version: &apos;1.8.0_91&apos;
Driver info: org.openqa.selenium.chrome.ChromeDriver
Capabilities [{applicationCacheEnabled=false, rotatable=false, mobileEmulationEnabled=false, chrome={chromedriverVersion=2.21.371459 (36d3d07f660ff2bc1bf28a75d1cdabed0983e7c4), userDataDir=C:\Users\SUBRAM~1\AppData\Local\Temp\scoped_dir7524_2170}, takesHeapSnapshot=true, databaseEnabled=false, handlesAlerts=true, hasTouchScreen=false, version=50.0.2661.94, platform=WIN8_1, browserConnectionEnabled=false, nativeEvents=true, acceptSslCerts=true, locationContextEnabled=true, webStorageEnabled=true, browserName=chrome, takesScreenshot=true, javascriptEnabled=true, cssSelectorsEnabled=true}]
Session ID: e5494d9a12d4c7cb19017c3a71db7de7
	at org.openqa.selenium.remote.ErrorHandler.createThrowable(ErrorHandler.java:206)
	at org.openqa.selenium.remote.ErrorHandler.throwIfResponseFailed(ErrorHandler.java:158)
	at org.openqa.selenium.remote.RemoteWebDriver.execute(RemoteWebDriver.java:678)
	at org.openqa.selenium.remote.RemoteWebDriver.execute(RemoteWebDriver.java:701)
	at org.openqa.selenium.remote.RemoteWebDriver.getScreenshotAs(RemoteWebDriver.java:335)
	at Utility.CaptureScreenshot.takeScreenshot(CaptureScreenshot.java:18)
	at com.SchoolOfDragons.SchoolOfDragons_Live_CreateAge13AuthorisedUser.TestCase8.afterTest(TestCase8.java:170)
... Removed 30 stack frames</div></td></tr></table><p class="totop"><a href="#summary">back to summary</a></p><h3 id="m1">com.SchoolOfDragons.SchoolOfDragons_Live_CreateAge13AuthorisedUser.TestCase8#createNewUserAge13</h3><table class="result"><tr><th>Exception</th></tr><tr><td><div class="stacktrace">org.openqa.selenium.WebDriverException: chrome not reachable
  (Session info: chrome=50.0.2661.94)
  (Driver info: chromedriver=2.21.371459 (36d3d07f660ff2bc1bf28a75d1cdabed0983e7c4),platform=Windows NT 6.3 x86_64) (WARNING: The server did not provide any stacktrace information)
Command duration or timeout: 1.03 seconds
Build info: version: &apos;2.53.0&apos;, revision: &apos;35ae25b1534ae328c771e0856c93e187490ca824&apos;, time: &apos;2016-03-15 10:43:46&apos;
System info: host: &apos;KAI-DT136&apos;, ip: &apos;172.20.11.105&apos;, os.name: &apos;Windows 8.1&apos;, os.arch: &apos;amd64&apos;, os.version: &apos;6.3&apos;, java.version: &apos;1.8.0_91&apos;
Driver info: org.openqa.selenium.chrome.ChromeDriver
Capabilities [{applicationCacheEnabled=false, rotatable=false, mobileEmulationEnabled=false, chrome={chromedriverVersion=2.21.371459 (36d3d07f660ff2bc1bf28a75d1cdabed0983e7c4), userDataDir=C:\Users\SUBRAM~1\AppData\Local\Temp\scoped_dir7524_2170}, takesHeapSnapshot=true, databaseEnabled=false, handlesAlerts=true, hasTouchScreen=false, version=50.0.2661.94, platform=WIN8_1, browserConnectionEnabled=false, nativeEvents=true, acceptSslCerts=true, locationContextEnabled=true, webStorageEnabled=true, browserName=chrome, takesScreenshot=true, javascriptEnabled=true, cssSelectorsEnabled=true}]
Session ID: e5494d9a12d4c7cb19017c3a71db7de7
*** Element info: {Using=xpath, value=//select[@id=&apos;ctl00_mcp_ucRegModule_ddlAge&apos;][@class=&apos;list_month&apos;][@name=&apos;ctl00$mcp$ucRegModule$ddlAge&apos;]/option[@value=&apos;13&apos;][@selected=&apos;selected&apos;][.=&apos;13&apos;]}
	at org.openqa.selenium.remote.ErrorHandler.createThrowable(ErrorHandler.java:206)
	at org.openqa.selenium.remote.ErrorHandler.throwIfResponseFailed(ErrorHandler.java:158)
	at org.openqa.selenium.remote.RemoteWebDriver.execute(RemoteWebDriver.java:678)
	at org.openqa.selenium.remote.RemoteWebDriver.findElement(RemoteWebDriver.java:363)
	at org.openqa.selenium.remote.RemoteWebDriver.findElementByXPath(RemoteWebDriver.java:500)
	at org.openqa.selenium.By$ByXPath.findElement(By.java:361)
	at org.openqa.selenium.remote.RemoteWebDriver.findElement(RemoteWebDriver.java:355)
	at Pages.CreateAnAccountPage.selectedAgeElementValidation(CreateAnAccountPage.java:32)
	at com.SchoolOfDragons.SchoolOfDragons_Live_CreateAge13AuthorisedUser.TestCase8.createNewUserAge13(TestCase8.java:84)
... Removed 28 stack frames</div></td></tr></table><p class="totop"><a href="#summary">back to summary</a></p><h3 id="m2">com.SchoolOfDragons.SchoolOfDragons_Live_CreateAge13AuthorisedUser.TestCase8#tearDown</h3><table class="result"></table><p class="totop"><a href="#summary">back to summary</a></p></body></html>